<?xml version="1.0" encoding="UTF-8"?>
<!-- Generated by org.testng.reporters.JUnitReportReporter -->
<testsuite hostname="DESKTOP-KQIG16F" failures="0" tests="1" name="com.testautomation.apitesting.tests.PostAPIRequests" time="5.953" errors="0" timestamp="2024-02-25T19:34:52 CET" skipped="0">
  <testcase classname="com.testautomation.apitesting.tests.PostAPIRequests" name="createBooking" time="5.953"/>
</testsuite> <!-- com.testautomation.apitesting.tests.PostAPIRequests -->
