<?xml version="1.0" encoding="UTF-8"?>
<!-- Generated by org.testng.reporters.JUnitReportReporter -->
<testsuite hostname="DESKTOP-KQIG16F" failures="0" tests="1" name="com.testautomation.apitesting.tests.GetAPIRequest" time="5.832" errors="0" timestamp="2024-02-21T21:08:14 CET" skipped="0">
  <testcase classname="com.testautomation.apitesting.tests.GetAPIRequest" name="getallBookings" time="5.832"/>
</testsuite> <!-- com.testautomation.apitesting.tests.GetAPIRequest -->
